----------------------------------------------------------------
Wed Nov 17 23:23:43 CET 2021:
Booting Derby version The Apache Software Foundation - Apache Derby - 10.15.2.0 - (1873585): instance a816c00e-017d-2fff-a649-00000216bac8 
on database directory /home/pelle/git/solidblocks/integration-test with class loader jdk.internal.loader.ClassLoaders$AppClassLoader@5cb0d902 
Loaded from file:/home/pelle/.gradle/caches/modules-2/files-2.1/org.apache.derby/derby/10.15.2.0/b64da6681994f33ba5783ffae55cdb44885b9e70/derby-10.15.2.0.jar
java.vendor=Private Build
java.runtime.version=17+35-Ubuntu-121.04
user.dir=/home/pelle/git/solidblocks/solidblocks-cli
os.name=Linux
os.arch=amd64
os.version=5.13.0-7620-generic
derby.system.home=null
Database Class Loader started - derby.database.classpath=''
----------------------------------------------------------------
Wed Nov 17 23:23:44 CET 2021:
Shutting down instance a816c00e-017d-2fff-a649-00000216bac8 on database directory /home/pelle/git/solidblocks/integration-test with class loader jdk.internal.loader.ClassLoaders$AppClassLoader@5cb0d902 
----------------------------------------------------------------
Wed Nov 17 23:23:45 CET 2021:
Booting Derby version The Apache Software Foundation - Apache Derby - 10.15.2.0 - (1873585): instance b9810038-017d-2fff-a649-00000216bac8 
on database directory /home/pelle/git/solidblocks/integration-test with class loader jdk.internal.loader.ClassLoaders$AppClassLoader@5cb0d902 
Loaded from file:/home/pelle/.gradle/caches/modules-2/files-2.1/org.apache.derby/derby/10.15.2.0/b64da6681994f33ba5783ffae55cdb44885b9e70/derby-10.15.2.0.jar
java.vendor=Private Build
java.runtime.version=17+35-Ubuntu-121.04
user.dir=/home/pelle/git/solidblocks/solidblocks-cli
os.name=Linux
os.arch=amd64
os.version=5.13.0-7620-generic
derby.system.home=null
Database Class Loader started - derby.database.classpath=''
