----------------------------------------------------------------
Thu Dec 02 12:03:07 CET 2021:
Booting Derby version The Apache Software Foundation - Apache Derby - 10.15.2.0 - (1873585): instance a816c00e-017d-7acf-ee92-00000198a0c0 
on database directory memory:/home/pelle/git/solidblocks/solidblocks-provisioner-vault/solidblocks with class loader jdk.internal.loader.ClassLoaders$AppClassLoader@5bc2b487 
Loaded from file:/home/pelle/.gradle/caches/modules-2/files-2.1/org.apache.derby/derby/10.15.2.0/b64da6681994f33ba5783ffae55cdb44885b9e70/derby-10.15.2.0.jar
java.vendor=Private Build
java.runtime.version=15.0.3+3-Ubuntu-1
user.dir=/home/pelle/git/solidblocks/solidblocks-provisioner-vault
os.name=Linux
os.arch=amd64
os.version=5.13.0-7620-generic
derby.system.home=null
Database Class Loader started - derby.database.classpath=''
----------------------------------------------------------------
Thu Dec 02 12:03:07 CET 2021:
Shutting down instance a816c00e-017d-7acf-ee92-00000198a0c0 on database directory memory:/home/pelle/git/solidblocks/solidblocks-provisioner-vault/solidblocks with class loader jdk.internal.loader.ClassLoaders$AppClassLoader@5bc2b487 
----------------------------------------------------------------
Thu Dec 02 12:03:08 CET 2021:
Booting Derby version The Apache Software Foundation - Apache Derby - 10.15.2.0 - (1873585): instance 90478154-017d-7acf-ee92-00000198a0c0 
on database directory memory:/home/pelle/git/solidblocks/solidblocks-provisioner-vault/solidblocks with class loader jdk.internal.loader.ClassLoaders$AppClassLoader@5bc2b487 
Loaded from file:/home/pelle/.gradle/caches/modules-2/files-2.1/org.apache.derby/derby/10.15.2.0/b64da6681994f33ba5783ffae55cdb44885b9e70/derby-10.15.2.0.jar
java.vendor=Private Build
java.runtime.version=15.0.3+3-Ubuntu-1
user.dir=/home/pelle/git/solidblocks/solidblocks-provisioner-vault
os.name=Linux
os.arch=amd64
os.version=5.13.0-7620-generic
derby.system.home=null
Database Class Loader started - derby.database.classpath=''
